TLC2 Version 2.16 of 31 December 2020 (rev: cdddf55)
Running breadth-first search Model-Checking with fp 46 and seed -446939696189111228 with 1 worker on 12 cores with 2215MB heap and 64MB offheap memory [pid: 8102] (Linux 5.4.72-microsoft-standard-WSL2 amd64, Private Build 14.0.2 x86_64, MSBDiskFPSet, DiskStateQueue).
Parsing file /home/villasv/projects/gupy/searchops/docs/RTR/zdr2.tla
Parsing file /tmp/TLC.tla
Parsing file /home/villasv/projects/gupy/searchops/docs/RTR/Elasticsearch.tla
Parsing file /tmp/Naturals.tla
Parsing file /tmp/Sequences.tla
Parsing file /tmp/FiniteSets.tla
Semantic processing of module Naturals
Semantic processing of module Sequences
Semantic processing of module FiniteSets
Semantic processing of module TLC
Semantic processing of module Elasticsearch
Semantic processing of module zdr2
Starting... (2021-01-27 10:27:38)
Computing initial states...
Finished computing initial states: 1 distinct state generated at 2021-01-27 10:27:38.
Error: The first argument of Assert evaluated to FALSE; the second argument was:
"Failure of assertion at line 47, column 9."
Error: The behavior up to this point is:
State 1: <Initial predicate>
/\ known_documents = {}
/\ cluster = [ aliases |->
      { [alias |-> "idx_r", index |-> "idx_v1"],
        [alias |-> "idx_w", index |-> "idx_v1"] },
  indices |-> {[name |-> "idx_v1", docs |-> {}]} ]
/\ doc = [id |-> 10]
/\ pc = ( "Zero Downtime Reindex + Write To New" :> "CreateTargetIndex" @@
  "PUT /idx_w/_create/{id}" :> "CreateRequest" )

State 2: <CreateTargetIndex line 78, col 22 to line 81, col 60 of module zdr2>
/\ known_documents = {}
/\ cluster = [ aliases |->
      { [alias |-> "idx_r", index |-> "idx_v1"],
        [alias |-> "idx_w", index |-> "idx_v1"] },
  indices |->
      {[name |-> "idx_v1", docs |-> {}], [name |-> "idx_v2", docs |-> {}]} ]
/\ doc = [id |-> 10]
/\ pc = ( "Zero Downtime Reindex + Write To New" :> "WritesToNewIndex" @@
  "PUT /idx_w/_create/{id}" :> "CreateRequest" )

State 3: <WritesToNewIndex line 83, col 21 to line 89, col 59 of module zdr2>
/\ known_documents = {}
/\ cluster = [ aliases |->
      { [alias |-> "idx_r", index |-> "idx_v1"],
        [alias |-> "idx_w", index |-> "idx_v2"] },
  indices |->
      {[name |-> "idx_v1", docs |-> {}], [name |-> "idx_v2", docs |-> {}]} ]
/\ doc = [id |-> 10]
/\ pc = ( "Zero Downtime Reindex + Write To New" :> "CopyDocuments" @@
  "PUT /idx_w/_create/{id}" :> "CreateRequest" )

State 4: <CreateRequest line 112, col 18 to line 116, col 30 of module zdr2>
/\ known_documents = {[id |-> 10]}
/\ cluster = [ aliases |->
      { [alias |-> "idx_r", index |-> "idx_v1"],
        [alias |-> "idx_w", index |-> "idx_v2"] },
  indices |->
      { [name |-> "idx_v1", docs |-> {}],
        [name |-> "idx_v2", docs |-> {[id |-> 10]}] } ]
/\ doc = [id |-> 10]
/\ pc = ( "Zero Downtime Reindex + Write To New" :> "CopyDocuments" @@
  "PUT /idx_w/_create/{id}" :> "AssertCreated" )

Error: The error occurred when TLC was evaluating the nested
expressions at the following positions:
0. Line 118, column 18 to line 122, column 65 in zdr2
1. Line 118, column 21 to line 118, column 67 in zdr2
2. Line 119, column 21 to line 120, column 72 in zdr2


15 states generated, 12 distinct states found, 4 states left on queue.
Finished in 00s at (2021-01-27 10:27:38)
